<?xml version="1.0" encoding="UTF-8"?>
<!-- Generated by org.testng.reporters.JUnitReportReporter -->
<testsuite skipped="0" hostname="DESKTOP-MG0JHFO" name="com.opensource.admin.qa.TC002_Admin_SearchEmployee_NotExist_POM" tests="1" failures="0" timestamp="2021-02-24T23:51:00 UYT" time="8.320" errors="0">
  <testcase name="TC002_Admin_SearchEmployee_NotExist_POM_TestScript" time="8.320" classname="com.opensource.admin.qa.TC002_Admin_SearchEmployee_NotExist_POM"/>
  <system-out>
Launching... https://opensource-demo.orangehrmlive.com/ Login into Orange open source Validate that you have logged in successfully Click Admin - Go to Admin page Search username in field Logout of the Orange open source  </system-out>
</testsuite> <!-- com.opensource.admin.qa.TC002_Admin_SearchEmployee_NotExist_POM -->
